<?xml version="1.0" encoding="UTF-8"?>
<!-- Generated by org.testng.reporters.JUnitReportReporter -->
<testsuite hostname="DESKTOP-GV6VD91" failures="0" tests="1" name="apptest.TestApp" time="26.487" errors="0" timestamp="2024-04-02T20:10:25 IST" skipped="0">
  <testcase classname="apptest.TestApp" name="Main" time="26.487"/>
</testsuite> <!-- apptest.TestApp -->
